<?xml version="1.0" encoding="UTF-8"?>
<!-- Generated by org.testng.reporters.JUnitReportReporter -->
<testsuite hostname="ErugulaChinnakashiReddy-9967" failures="0" tests="4" name="api.test.UserTests" time="7.567" errors="0" timestamp="23 Jul 2023 15:50:53 GMT" skipped="0">
  <testcase classname="api.test.UserTests" name="tetsPostUser" time="3.028"/>
  <testcase classname="api.test.UserTests" name="testGetUserByName" time="1.228"/>
  <testcase classname="api.test.UserTests" name="testUpdateUserByName" time="2.245"/>
  <testcase classname="api.test.UserTests" name="testDeleteUserByName" time="1.066"/>
</testsuite> <!-- api.test.UserTests -->
