<?xml version="1.0" encoding="UTF-8"?>
<!-- Generated by org.testng.reporters.JUnitReportReporter -->
<testsuite hostname="ErugulaChinnakashiReddy-9967" failures="0" tests="4" name="api.test.UserTests2" time="7.776" errors="0" timestamp="25 Jul 2023 04:48:09 GMT" skipped="0">
  <testcase classname="api.test.UserTests2" name="tetsPostUser" time="3.182"/>
  <testcase classname="api.test.UserTests2" name="testGetUserByName" time="1.207"/>
  <testcase classname="api.test.UserTests2" name="testUpdateUserByName" time="2.261"/>
  <testcase classname="api.test.UserTests2" name="testDeleteUserByName" time="1.126"/>
</testsuite> <!-- api.test.UserTests2 -->
